2021-09-24 00:26:34.148 +06:00 [INF] Application Starting up
2021-09-24 01:30:04.056 +06:00 [INF] Application Starting up
2021-09-24 01:30:42.700 +06:00 [INF] User created a new account with password.
2021-09-24 01:52:23.925 +06:00 [INF] Application Starting up
2021-09-24 01:59:46.118 +06:00 [INF] Application Starting up
2021-09-24 02:00:16.454 +06:00 [ERR] Group Creation Failed
Microsoft.EntityFrameworkCore.DbUpdateException: An error occurred while updating the entries. See the inner exception for details.
 ---> Microsoft.Data.SqlClient.SqlException (0x80131904): The INSERT statement conflicted with the FOREIGN KEY constraint "FK_Group_AspNetUsers_UserId". The conflict occurred in database "StudentBatch", table "dbo.AspNetUsers", column 'Id'.
The statement has been terminated.
   at Microsoft.Data.SqlClient.SqlConnection.OnError(SqlException exception, Boolean breakConnection, Action`1 wrapCloseInAction)
   at Microsoft.Data.SqlClient.SqlInternalConnection.OnError(SqlException exception, Boolean breakConnection, Action`1 wrapCloseInAction)
   at Microsoft.Data.SqlClient.TdsParser.ThrowExceptionAndWarning(TdsParserStateObject stateObj, Boolean callerHasConnectionLock, Boolean asyncClose)
   at Microsoft.Data.SqlClient.TdsParser.TryRun(RunBehavior runBehavior, SqlCommand cmdHandler, SqlDataReader dataStream, BulkCopySimpleResultSet bulkCopyHandler, TdsParserStateObject stateObj, Boolean& dataReady)
   at Microsoft.Data.SqlClient.SqlDataReader.TryConsumeMetaData()
   at Microsoft.Data.SqlClient.SqlDataReader.get_MetaData()
   at Microsoft.Data.SqlClient.SqlCommand.FinishExecuteReader(SqlDataReader ds, RunBehavior runBehavior, String resetOptionsString, Boolean isInternal, Boolean forDescribeParameterEncryption, Boolean shouldCacheForAlwaysEncrypted)
   at Microsoft.Data.SqlClient.SqlCommand.RunExecuteReaderTds(CommandBehavior cmdBehavior, RunBehavior runBehavior, Boolean returnStream, Boolean isAsync, Int32 timeout, Task& task, Boolean asyncWrite, Boolean inRetry, SqlDataReader ds, Boolean describeParameterEncryptionRequest)
   at Microsoft.Data.SqlClient.SqlCommand.RunExecuteReader(CommandBehavior cmdBehavior, RunBehavior runBehavior, Boolean returnStream, TaskCompletionSource`1 completion, Int32 timeout, Task& task, Boolean& usedCache, Boolean asyncWrite, Boolean inRetry, String method)
   at Microsoft.Data.SqlClient.SqlCommand.RunExecuteReader(CommandBehavior cmdBehavior, RunBehavior runBehavior, Boolean returnStream, String method)
   at Microsoft.Data.SqlClient.SqlCommand.ExecuteReader(CommandBehavior behavior)
   at Microsoft.Data.SqlClient.SqlCommand.ExecuteDbDataReader(CommandBehavior behavior)
   at System.Data.Common.DbCommand.ExecuteReader()
   at Microsoft.EntityFrameworkCore.Storage.RelationalCommand.ExecuteReader(RelationalCommandParameterObject parameterObject)
   at Microsoft.EntityFrameworkCore.Update.ReaderModificationCommandBatch.Execute(IRelationalConnection connection)
ClientConnectionId:31707466-645a-4f92-9249-c368a3b97520
Error Number:547,State:0,Class:16
   --- End of inner exception stack trace ---
   at Microsoft.EntityFrameworkCore.Update.ReaderModificationCommandBatch.Execute(IRelationalConnection connection)
   at Microsoft.EntityFrameworkCore.Update.Internal.BatchExecutor.Execute(IEnumerable`1 commandBatches, IRelationalConnection connection)
   at Microsoft.EntityFrameworkCore.Storage.RelationalDatabase.SaveChanges(IList`1 entries)
   at Microsoft.EntityFrameworkCore.ChangeTracking.Internal.StateManager.SaveChanges(IList`1 entriesToSave)
   at Microsoft.EntityFrameworkCore.ChangeTracking.Internal.StateManager.SaveChanges(DbContext _, Boolean acceptAllChangesOnSuccess)
   at Microsoft.EntityFrameworkCore.SqlServer.Storage.Internal.SqlServerExecutionStrategy.Execute[TState,TResult](TState state, Func`3 operation, Func`3 verifySucceeded)
   at Microsoft.EntityFrameworkCore.ChangeTracking.Internal.StateManager.SaveChanges(Boolean acceptAllChangesOnSuccess)
   at Microsoft.EntityFrameworkCore.DbContext.SaveChanges(Boolean acceptAllChangesOnSuccess)
   at Microsoft.EntityFrameworkCore.DbContext.SaveChanges()
   at DataImporter.Data.UnitOfWork.Save() in G:\Final\DataImporter\DataImporter.Data\UnitOfWork.cs:line 15
   at DataImporter.Importer.Services.GroupService.Create(Group group) in G:\Final\DataImporter\DataImporter.Importer\Services\GroupService.cs:line 33
   at DataImporter.Web.Models.CreateImportModel.Create(Guid id) in G:\Final\DataImporter\DataImporter.Web\Models\CreateImportModel.cs:line 41
   at DataImporter.Web.Controllers.DashboardController.Create(CreateImportModel model) in G:\Final\DataImporter\DataImporter.Web\Controllers\DashboardController.cs:line 66
2021-09-24 02:33:47.256 +06:00 [INF] Application Starting up
2021-09-24 02:34:19.097 +06:00 [INF] User created a new account with password.
2021-09-24 02:38:27.897 +06:00 [INF] Application Starting up
2021-09-24 02:39:09.480 +06:00 [INF] User logged in.
2021-09-24 17:32:42.051 +06:00 [INF] Application Starting up
2021-09-24 17:33:22.458 +06:00 [INF] User logged in.
2021-09-24 19:23:35.857 +06:00 [INF] Application Starting up
2021-09-24 19:24:15.120 +06:00 [INF] User logged in.
2021-09-24 19:26:31.262 +06:00 [INF] Application Starting up
2021-09-24 20:01:14.331 +06:00 [INF] User logged in.
2021-09-24 20:29:38.644 +06:00 [INF] Application Starting up
2021-09-24 20:29:52.535 +06:00 [INF] User logged out.
2021-09-24 20:32:33.730 +06:00 [INF] Application Starting up
2021-09-24 20:33:31.300 +06:00 [INF] Application Starting up
2021-09-24 20:35:09.374 +06:00 [INF] Application Starting up
2021-09-24 20:37:05.832 +06:00 [INF] Application Starting up
2021-09-24 20:38:10.235 +06:00 [INF] Application Starting up
2021-09-24 20:39:04.206 +06:00 [INF] Application Starting up
2021-09-24 20:40:02.874 +06:00 [INF] Application Starting up
2021-09-24 20:42:34.925 +06:00 [INF] Application Starting up
2021-09-24 20:44:03.111 +06:00 [INF] Application Starting up
2021-09-24 20:48:47.168 +06:00 [INF] Application Starting up
2021-09-24 20:50:12.000 +06:00 [INF] Application Starting up
2021-09-24 20:51:46.532 +06:00 [INF] Application Starting up
2021-09-24 20:52:59.823 +06:00 [INF] Application Starting up
2021-09-24 20:54:32.211 +06:00 [INF] Application Starting up
2021-09-24 20:55:21.535 +06:00 [INF] Application Starting up
2021-09-24 20:56:34.773 +06:00 [INF] Application Starting up
2021-09-24 21:01:19.127 +06:00 [INF] Application Starting up
2021-09-24 21:01:25.518 +06:00 [ERR] An unhandled exception has occurred while executing the request.
System.InvalidOperationException: The following sections have been defined but have not been rendered by the page at '/Views/Shared/_Layout1.cshtml': 'Styles'. To ignore an unrendered section call IgnoreSection("sectionName").
   at Microsoft.AspNetCore.Mvc.Razor.RazorPage.EnsureRenderedBodyOrSections()
   at Microsoft.AspNetCore.Mvc.Razor.RazorView.RenderLayoutAsync(ViewContext context, ViewBufferTextWriter bodyWriter)
   at Microsoft.AspNetCore.Mvc.Razor.RazorView.RenderAsync(ViewContext context)
   at Microsoft.AspNetCore.Mvc.ViewFeatures.ViewExecutor.ExecuteAsync(ViewContext viewContext, String contentType, Nullable`1 statusCode)
   at Microsoft.AspNetCore.Mvc.ViewFeatures.ViewExecutor.ExecuteAsync(ViewContext viewContext, String contentType, Nullable`1 statusCode)
   at Microsoft.AspNetCore.Mvc.ViewFeatures.ViewExecutor.ExecuteAsync(ActionContext actionContext, IView view, ViewDataDictionary viewData, ITempDataDictionary tempData, String contentType, Nullable`1 statusCode)
   at Microsoft.AspNetCore.Mvc.ViewFeatures.ViewResultExecutor.ExecuteAsync(ActionContext context, ViewResult result)
   at Microsoft.AspNetCore.Mvc.ViewResult.ExecuteResultAsync(ActionContext context)
   at Microsoft.AspNetCore.Mvc.Infrastructure.ResourceInvoker.<InvokeNextResultFilterAsync>g__Awaited|29_0[TFilter,TFilterAsync](ResourceInvoker invoker, Task lastTask, State next, Scope scope, Object state, Boolean isCompleted)
   at Microsoft.AspNetCore.Mvc.Infrastructure.ResourceInvoker.Rethrow(ResultExecutedContextSealed context)
   at Microsoft.AspNetCore.Mvc.Infrastructure.ResourceInvoker.ResultNext[TFilter,TFilterAsync](State& next, Scope& scope, Object& state, Boolean& isCompleted)
   at Microsoft.AspNetCore.Mvc.Infrastructure.ResourceInvoker.InvokeResultFilters()
--- End of stack trace from previous location ---
   at Microsoft.AspNetCore.Mvc.Infrastructure.ResourceInvoker.<InvokeNextResourceFilter>g__Awaited|24_0(ResourceInvoker invoker, Task lastTask, State next, Scope scope, Object state, Boolean isCompleted)
   at Microsoft.AspNetCore.Mvc.Infrastructure.ResourceInvoker.Rethrow(ResourceExecutedContextSealed context)
   at Microsoft.AspNetCore.Mvc.Infrastructure.ResourceInvoker.Next(State& next, Scope& scope, Object& state, Boolean& isCompleted)
   at Microsoft.AspNetCore.Mvc.Infrastructure.ResourceInvoker.InvokeFilterPipelineAsync()
--- End of stack trace from previous location ---
   at Microsoft.AspNetCore.Mvc.Infrastructure.ResourceInvoker.<InvokeAsync>g__Awaited|17_0(ResourceInvoker invoker, Task task, IDisposable scope)
   at Microsoft.AspNetCore.Routing.EndpointMiddleware.<Invoke>g__AwaitRequestTask|6_0(Endpoint endpoint, Task requestTask, ILogger logger)
   at Microsoft.AspNetCore.Authorization.AuthorizationMiddleware.Invoke(HttpContext context)
   at Microsoft.AspNetCore.Authentication.AuthenticationMiddleware.Invoke(HttpContext context)
   at Microsoft.AspNetCore.Diagnostics.EntityFrameworkCore.MigrationsEndPointMiddleware.Invoke(HttpContext context)
   at Microsoft.AspNetCore.Diagnostics.DeveloperExceptionPageMiddleware.Invoke(HttpContext context)
2021-09-24 21:02:12.963 +06:00 [INF] Application Starting up
2021-09-24 21:03:03.315 +06:00 [INF] User logged in.
2021-09-24 21:03:13.028 +06:00 [INF] User logged out.
2021-09-24 21:05:06.046 +06:00 [INF] Application Starting up
2021-09-24 21:06:38.890 +06:00 [INF] Application Starting up
2021-09-24 21:07:39.482 +06:00 [INF] Application Starting up
2021-09-24 21:16:01.948 +06:00 [INF] Application Starting up
2021-09-24 21:18:13.686 +06:00 [INF] Application Starting up
2021-09-24 21:20:12.096 +06:00 [INF] Application Starting up
2021-09-24 21:21:39.368 +06:00 [INF] Application Starting up
2021-09-24 21:23:46.528 +06:00 [INF] Application Starting up
2021-09-24 21:25:23.256 +06:00 [INF] Application Starting up
2021-09-24 23:18:22.329 +06:00 [INF] Application Starting up
2021-09-24 23:18:51.357 +06:00 [INF] User logged in.
2021-09-24 23:20:04.657 +06:00 [INF] Application Starting up
2021-09-24 23:20:13.444 +06:00 [INF] User logged out.
2021-09-24 23:20:59.610 +06:00 [INF] Application Starting up
2021-09-24 23:22:02.941 +06:00 [INF] Application Starting up
2021-09-24 23:22:27.148 +06:00 [INF] User logged in.
2021-09-24 23:22:35.305 +06:00 [INF] User logged out.
2021-09-24 23:23:22.116 +06:00 [INF] User logged in.
