2021-09-15 00:08:51.923 +06:00 [INF] Application Starting up
2021-09-15 00:10:25.918 +06:00 [INF] Application Starting up
2021-09-15 00:12:17.747 +06:00 [INF] Application Starting up
2021-09-15 00:12:40.607 +06:00 [INF] User logged in.
2021-09-15 00:15:00.635 +06:00 [INF] Application Starting up
2021-09-15 00:18:31.564 +06:00 [INF] Application Starting up
2021-09-15 00:19:11.667 +06:00 [INF] Application Starting up
2021-09-15 00:20:52.490 +06:00 [INF] Application Starting up
2021-09-15 00:30:40.467 +06:00 [INF] Application Starting up
2021-09-15 00:30:49.720 +06:00 [INF] User logged out.
2021-09-15 00:31:17.290 +06:00 [INF] User logged in.
2021-09-15 00:36:13.420 +06:00 [INF] Application Starting up
2021-09-15 00:36:26.077 +06:00 [INF] User logged out.
2021-09-15 00:37:07.730 +06:00 [INF] Application Starting up
2021-09-15 00:37:38.220 +06:00 [INF] Application Starting up
2021-09-15 00:38:04.665 +06:00 [INF] User logged in.
2021-09-15 00:42:07.192 +06:00 [INF] Application Starting up
2021-09-15 17:51:18.833 +06:00 [INF] Application Starting up
2021-09-15 17:52:11.532 +06:00 [INF] User logged in.
2021-09-15 17:52:21.330 +06:00 [ERR] Product Creation Failed
Microsoft.CSharp.RuntimeBinder.RuntimeBinderException: Cannot implicitly convert type 'string' to 'System.Guid'
   at CallSite.Target(Closure , CallSite , Object )
   at System.Dynamic.UpdateDelegates.UpdateAndExecute1[T0,TRet](CallSite site, T0 arg0)
   at DataImporter.Web.Controllers.DashboardController.Create(CreateImportModel model) in G:\Final\DataImporter\DataImporter.Web\Controllers\DashboardController.cs:line 42
2021-09-15 17:54:44.627 +06:00 [INF] Application Starting up
2021-09-15 17:57:24.404 +06:00 [INF] Application Starting up
2021-09-15 20:34:17.898 +06:00 [INF] Application Starting up
2021-09-15 20:34:48.109 +06:00 [WRN] Invalid password for user.
2021-09-15 20:34:48.116 +06:00 [WRN] User failed to provide the correct password.
2021-09-15 20:34:58.224 +06:00 [INF] User logged in.
2021-09-15 21:13:06.699 +06:00 [INF] Application Starting up
2021-09-15 21:25:17.016 +06:00 [INF] Application Starting up
2021-09-15 21:27:24.364 +06:00 [INF] Application Starting up
2021-09-15 21:29:12.301 +06:00 [INF] Application Starting up
2021-09-15 21:34:03.502 +06:00 [INF] Application Starting up
2021-09-15 21:36:06.424 +06:00 [INF] Application Starting up
2021-09-15 21:41:12.226 +06:00 [INF] Application Starting up
2021-09-15 21:41:43.141 +06:00 [INF] Application Starting up
2021-09-15 21:42:55.165 +06:00 [INF] Application Starting up
2021-09-15 21:47:56.355 +06:00 [INF] Application Starting up
2021-09-15 21:48:59.044 +06:00 [INF] Application Starting up
2021-09-15 21:49:31.859 +06:00 [INF] User logged in.
2021-09-15 22:04:18.637 +06:00 [INF] Application Starting up
2021-09-15 22:05:47.683 +06:00 [INF] Application Starting up
2021-09-15 22:57:35.166 +06:00 [INF] Application Starting up
2021-09-15 22:57:59.014 +06:00 [INF] User logged in.
2021-09-15 22:58:53.557 +06:00 [INF] Application Starting up
2021-09-15 23:00:04.836 +06:00 [INF] Application Starting up
2021-09-15 23:01:09.333 +06:00 [INF] Application Starting up
2021-09-15 23:56:24.483 +06:00 [INF] Application Starting up
2021-09-15 23:56:46.774 +06:00 [INF] User logged in.
2021-09-15 23:58:35.500 +06:00 [INF] Application Starting up
