2021-09-19 00:06:49.331 +06:00 [INF] Application Starting up
2021-09-19 00:07:50.166 +06:00 [INF] User logged in.
2021-09-19 00:09:35.971 +06:00 [INF] Application Starting up
2021-09-19 00:09:56.900 +06:00 [ERR] An unhandled exception has occurred while executing the request.
Microsoft.AspNetCore.Routing.Matching.AmbiguousMatchException: The request matched multiple endpoints. Matches: 

DataImporter.Web.Controllers.DashboardController.GroupEdit (DataImporter.Web)
DataImporter.Web.Controllers.DashboardController.GroupEdit (DataImporter.Web)
   at Microsoft.AspNetCore.Routing.Matching.DefaultEndpointSelector.ReportAmbiguity(CandidateState[] candidateState)
   at Microsoft.AspNetCore.Routing.Matching.DefaultEndpointSelector.ProcessFinalCandidates(HttpContext httpContext, CandidateState[] candidateState)
   at Microsoft.AspNetCore.Routing.Matching.DefaultEndpointSelector.Select(HttpContext httpContext, CandidateState[] candidateState)
   at Microsoft.AspNetCore.Routing.Matching.DfaMatcher.MatchAsync(HttpContext httpContext)
   at Microsoft.AspNetCore.Routing.Matching.DataSourceDependentMatcher.MatchAsync(HttpContext httpContext)
   at Microsoft.AspNetCore.Routing.EndpointRoutingMiddleware.Invoke(HttpContext httpContext)
   at Microsoft.AspNetCore.StaticFiles.StaticFileMiddleware.Invoke(HttpContext context)
   at Microsoft.AspNetCore.HttpsPolicy.HttpsRedirectionMiddleware.Invoke(HttpContext context)
   at Microsoft.AspNetCore.Diagnostics.EntityFrameworkCore.MigrationsEndPointMiddleware.Invoke(HttpContext context)
   at Microsoft.AspNetCore.Diagnostics.DeveloperExceptionPageMiddleware.Invoke(HttpContext context)
2021-09-19 00:10:31.331 +06:00 [INF] Application Starting up
2021-09-19 00:11:10.520 +06:00 [ERR] Excel Creation Failed
System.InvalidOperationException: Group is not updated
   at DataImporter.Membership.Services.GroupService.UpdateGroupName(Group group) in G:\Final\DataImporter\DataImporter.Membership\Services\GroupService.cs:line 87
   at DataImporter.Web.Models.EditGroupModel.Update() in G:\Final\DataImporter\DataImporter.Web\Models\EditGroupModel.cs:line 46
   at DataImporter.Web.Controllers.DashboardController.GroupEdit(EditGroupModel model) in G:\Final\DataImporter\DataImporter.Web\Controllers\DashboardController.cs:line 123
2021-09-19 00:14:16.350 +06:00 [INF] Application Starting up
2021-09-19 00:16:50.739 +06:00 [INF] Application Starting up
2021-09-19 00:20:05.595 +06:00 [INF] Application Starting up
2021-09-19 09:52:27.504 +06:00 [INF] Application Starting up
2021-09-19 09:52:56.145 +06:00 [INF] User logged in.
2021-09-19 10:31:04.747 +06:00 [INF] Application Starting up
2021-09-19 10:31:25.878 +06:00 [INF] User logged in.
2021-09-19 10:34:50.906 +06:00 [INF] Application Starting up
2021-09-19 10:36:25.911 +06:00 [INF] Application Starting up
2021-09-19 10:40:13.634 +06:00 [INF] Application Starting up
2021-09-19 10:45:25.026 +06:00 [INF] Application Starting up
2021-09-19 11:08:58.392 +06:00 [INF] Application Starting up
2021-09-19 11:10:21.058 +06:00 [INF] Application Starting up
2021-09-19 11:11:51.843 +06:00 [INF] Application Starting up
2021-09-19 11:13:07.157 +06:00 [INF] Application Starting up
2021-09-19 11:14:22.184 +06:00 [INF] Application Starting up
2021-09-19 11:16:00.009 +06:00 [INF] Application Starting up
2021-09-19 11:50:37.965 +06:00 [INF] Application Starting up
2021-09-19 11:50:59.469 +06:00 [INF] User logged in.
2021-09-19 11:52:05.014 +06:00 [INF] Application Starting up
2021-09-19 12:48:10.657 +06:00 [INF] Application Starting up
2021-09-19 12:48:30.912 +06:00 [INF] User logged in.
2021-09-19 12:48:46.472 +06:00 [ERR] An unhandled exception has occurred while executing the request.
System.ArgumentOutOfRangeException: Index was out of range. Must be non-negative and less than the size of the collection. (Parameter 'index')
   at System.Collections.Generic.List`1.get_Item(Int32 index)
   at AspNetCore.Views_Dashboard_UploadConfirmation.ExecuteAsync() in G:\Final\DataImporter\DataImporter.Web\Views\Dashboard\UploadConfirmation.cshtml:line 56
   at Microsoft.AspNetCore.Mvc.Razor.RazorView.RenderPageCoreAsync(IRazorPage page, ViewContext context)
   at Microsoft.AspNetCore.Mvc.Razor.RazorView.RenderPageAsync(IRazorPage page, ViewContext context, Boolean invokeViewStarts)
   at Microsoft.AspNetCore.Mvc.Razor.RazorView.RenderAsync(ViewContext context)
   at Microsoft.AspNetCore.Mvc.ViewFeatures.ViewExecutor.ExecuteAsync(ViewContext viewContext, String contentType, Nullable`1 statusCode)
   at Microsoft.AspNetCore.Mvc.ViewFeatures.ViewExecutor.ExecuteAsync(ViewContext viewContext, String contentType, Nullable`1 statusCode)
   at Microsoft.AspNetCore.Mvc.ViewFeatures.ViewExecutor.ExecuteAsync(ActionContext actionContext, IView view, ViewDataDictionary viewData, ITempDataDictionary tempData, String contentType, Nullable`1 statusCode)
   at Microsoft.AspNetCore.Mvc.ViewFeatures.ViewResultExecutor.ExecuteAsync(ActionContext context, ViewResult result)
   at Microsoft.AspNetCore.Mvc.ViewResult.ExecuteResultAsync(ActionContext context)
   at Microsoft.AspNetCore.Mvc.Infrastructure.ResourceInvoker.<InvokeNextResultFilterAsync>g__Awaited|29_0[TFilter,TFilterAsync](ResourceInvoker invoker, Task lastTask, State next, Scope scope, Object state, Boolean isCompleted)
   at Microsoft.AspNetCore.Mvc.Infrastructure.ResourceInvoker.Rethrow(ResultExecutedContextSealed context)
   at Microsoft.AspNetCore.Mvc.Infrastructure.ResourceInvoker.ResultNext[TFilter,TFilterAsync](State& next, Scope& scope, Object& state, Boolean& isCompleted)
   at Microsoft.AspNetCore.Mvc.Infrastructure.ResourceInvoker.InvokeResultFilters()
--- End of stack trace from previous location ---
   at Microsoft.AspNetCore.Mvc.Infrastructure.ResourceInvoker.<InvokeNextResourceFilter>g__Awaited|24_0(ResourceInvoker invoker, Task lastTask, State next, Scope scope, Object state, Boolean isCompleted)
   at Microsoft.AspNetCore.Mvc.Infrastructure.ResourceInvoker.Rethrow(ResourceExecutedContextSealed context)
   at Microsoft.AspNetCore.Mvc.Infrastructure.ResourceInvoker.Next(State& next, Scope& scope, Object& state, Boolean& isCompleted)
   at Microsoft.AspNetCore.Mvc.Infrastructure.ResourceInvoker.InvokeFilterPipelineAsync()
--- End of stack trace from previous location ---
   at Microsoft.AspNetCore.Mvc.Infrastructure.ResourceInvoker.<InvokeAsync>g__Awaited|17_0(ResourceInvoker invoker, Task task, IDisposable scope)
   at Microsoft.AspNetCore.Routing.EndpointMiddleware.<Invoke>g__AwaitRequestTask|6_0(Endpoint endpoint, Task requestTask, ILogger logger)
   at Microsoft.AspNetCore.Authorization.Policy.AuthorizationMiddlewareResultHandler.HandleAsync(RequestDelegate next, HttpContext context, AuthorizationPolicy policy, PolicyAuthorizationResult authorizeResult)
   at Microsoft.AspNetCore.Authorization.AuthorizationMiddleware.Invoke(HttpContext context)
   at Microsoft.AspNetCore.Authentication.AuthenticationMiddleware.Invoke(HttpContext context)
   at Microsoft.AspNetCore.Diagnostics.EntityFrameworkCore.MigrationsEndPointMiddleware.Invoke(HttpContext context)
   at Microsoft.AspNetCore.Diagnostics.DeveloperExceptionPageMiddleware.Invoke(HttpContext context)
2021-09-19 12:50:14.888 +06:00 [INF] Application Starting up
2021-09-19 12:51:39.650 +06:00 [INF] Application Starting up
2021-09-19 12:52:46.253 +06:00 [INF] Application Starting up
2021-09-19 12:54:11.321 +06:00 [INF] Application Starting up
2021-09-19 12:55:21.092 +06:00 [INF] Application Starting up
2021-09-19 12:58:20.286 +06:00 [INF] Application Starting up
2021-09-19 12:59:21.924 +06:00 [INF] Application Starting up
2021-09-19 13:00:44.403 +06:00 [INF] Application Starting up
2021-09-19 13:02:34.114 +06:00 [INF] Application Starting up
2021-09-19 13:06:09.380 +06:00 [INF] Application Starting up
2021-09-19 13:07:56.664 +06:00 [INF] Application Starting up
2021-09-19 13:24:28.089 +06:00 [INF] Application Starting up
2021-09-19 13:25:27.674 +06:00 [INF] Application Starting up
2021-09-19 13:29:47.081 +06:00 [INF] Application Starting up
2021-09-19 13:31:00.359 +06:00 [INF] Application Starting up
2021-09-19 13:31:59.465 +06:00 [INF] Application Starting up
2021-09-19 13:35:22.517 +06:00 [INF] Application Starting up
2021-09-19 13:37:10.865 +06:00 [INF] Application Starting up
2021-09-19 13:39:06.051 +06:00 [INF] Application Starting up
2021-09-19 13:40:08.745 +06:00 [INF] Application Starting up
2021-09-19 13:45:34.020 +06:00 [INF] Application Starting up
2021-09-19 13:47:09.458 +06:00 [INF] Application Starting up
2021-09-19 13:47:55.818 +06:00 [INF] Application Starting up
2021-09-19 14:01:25.235 +06:00 [INF] Application Starting up
2021-09-19 14:04:01.323 +06:00 [INF] Application Starting up
2021-09-19 14:06:19.646 +06:00 [INF] Application Starting up
2021-09-19 14:07:54.997 +06:00 [INF] Application Starting up
2021-09-19 14:11:09.378 +06:00 [INF] Application Starting up
2021-09-19 14:13:16.767 +06:00 [INF] Application Starting up
2021-09-19 14:14:38.476 +06:00 [INF] Application Starting up
2021-09-19 14:15:44.324 +06:00 [INF] Application Starting up
2021-09-19 14:20:45.474 +06:00 [INF] Application Starting up
2021-09-19 14:21:49.139 +06:00 [INF] Application Starting up
2021-09-19 14:22:47.229 +06:00 [INF] Application Starting up
2021-09-19 14:23:55.871 +06:00 [INF] Application Starting up
2021-09-19 15:45:13.341 +06:00 [INF] Application Starting up
2021-09-19 15:45:39.724 +06:00 [INF] User logged in.
2021-09-19 15:47:03.753 +06:00 [INF] Application Starting up
2021-09-19 15:50:27.585 +06:00 [INF] Application Starting up
2021-09-19 15:55:26.099 +06:00 [INF] Application Starting up
2021-09-19 15:59:58.207 +06:00 [INF] Application Starting up
2021-09-19 16:06:16.678 +06:00 [INF] Application Starting up
2021-09-19 16:08:10.389 +06:00 [INF] Application Starting up
2021-09-19 16:09:29.160 +06:00 [INF] Application Starting up
2021-09-19 16:22:43.723 +06:00 [INF] Application Starting up
