2021-10-06 00:04:38.211 +06:00 [ERR] Data is not get
System.InvalidOperationException: Sequence contains no elements
   at System.Linq.ThrowHelper.ThrowNoElementsException()
   at System.Linq.Enumerable.Min[TSource,TResult](IEnumerable`1 source, Func`2 selector)
   at DataImporter.Importer.Services.ExcelDataService.GetAllData(Guid id, String groupName, DateTime dateFrom, DateTime dateTo) in G:\aspnetb5\DataImporter\DataImporter.Importer\Services\ExcelDataService.cs:line 40
   at DataImporter.Web.Models.ContactModel.GetContactsData(Guid Id, String groupName, DateTime dateFrom, DateTime dateTo) in G:\aspnetb5\DataImporter\DataImporter.Web\Models\ContactModel.cs:line 63
   at DataImporter.Web.Controllers.DashboardController.Contacts(ContactModel model) in G:\aspnetb5\DataImporter\DataImporter.Web\Controllers\DashboardController.cs:line 108
2021-10-06 00:05:05.130 +06:00 [ERR] Data is not get
System.InvalidOperationException: Sequence contains no elements
   at System.Linq.ThrowHelper.ThrowNoElementsException()
   at System.Linq.Enumerable.Min[TSource,TResult](IEnumerable`1 source, Func`2 selector)
   at DataImporter.Importer.Services.ExcelDataService.GetAllData(Guid id, String groupName, DateTime dateFrom, DateTime dateTo) in G:\aspnetb5\DataImporter\DataImporter.Importer\Services\ExcelDataService.cs:line 40
   at DataImporter.Web.Models.ContactModel.GetContactsData(Guid Id, String groupName, DateTime dateFrom, DateTime dateTo) in G:\aspnetb5\DataImporter\DataImporter.Web\Models\ContactModel.cs:line 63
   at DataImporter.Web.Controllers.DashboardController.Contacts(ContactModel model) in G:\aspnetb5\DataImporter\DataImporter.Web\Controllers\DashboardController.cs:line 108
2021-10-06 00:05:11.708 +06:00 [INF] User logged out.
2021-10-06 00:07:56.983 +06:00 [INF] User logged in.
2021-10-06 00:28:48.182 +06:00 [INF] Application Starting up
2021-10-06 00:35:43.542 +06:00 [INF] Application Starting up
2021-10-06 00:41:53.969 +06:00 [INF] Application Starting up
2021-10-06 00:48:50.472 +06:00 [INF] Application Starting up
2021-10-06 00:52:56.007 +06:00 [INF] Application Starting up
2021-10-06 00:53:15.363 +06:00 [ERR] An unhandled exception has occurred while executing the request.
System.InvalidOperationException: There is no ViewData item of type 'IEnumerable<SelectListItem>' that has the key 'GroupName'.
   at Microsoft.AspNetCore.Mvc.ViewFeatures.DefaultHtmlGenerator.GetSelectListItems(ViewContext viewContext, String expression)
   at Microsoft.AspNetCore.Mvc.ViewFeatures.DefaultHtmlGenerator.GenerateSelect(ViewContext viewContext, ModelExplorer modelExplorer, String optionLabel, String expression, IEnumerable`1 selectList, ICollection`1 currentValues, Boolean allowMultiple, Object htmlAttributes)
   at Microsoft.AspNetCore.Mvc.ViewFeatures.DefaultHtmlGenerator.GenerateSelect(ViewContext viewContext, ModelExplorer modelExplorer, String optionLabel, String expression, IEnumerable`1 selectList, Boolean allowMultiple, Object htmlAttributes)
   at Microsoft.AspNetCore.Mvc.ViewFeatures.HtmlHelper.GenerateDropDown(ModelExplorer modelExplorer, String expression, IEnumerable`1 selectList, String optionLabel, Object htmlAttributes)
   at Microsoft.AspNetCore.Mvc.ViewFeatures.HtmlHelper`1.DropDownListFor[TResult](Expression`1 expression, IEnumerable`1 selectList, String optionLabel, Object htmlAttributes)
   at AspNetCore.Views_Dashboard_Contacts.<ExecuteAsync>b__18_2() in G:\aspnetb5\DataImporter\DataImporter.Web\Views\Dashboard\Contacts.cshtml:line 51
   at Microsoft.AspNetCore.Razor.Runtime.TagHelpers.TagHelperExecutionContext.GetChildContentAsync(Boolean useCachedResult, HtmlEncoder encoder)
   at Microsoft.AspNetCore.Mvc.TagHelpers.RenderAtEndOfFormTagHelper.ProcessAsync(TagHelperContext context, TagHelperOutput output)
   at Microsoft.AspNetCore.Razor.Runtime.TagHelpers.TagHelperRunner.<RunAsync>g__Awaited|0_0(Task task, TagHelperExecutionContext executionContext, Int32 i, Int32 count)
   at AspNetCore.Views_Dashboard_Contacts.ExecuteAsync() in G:\aspnetb5\DataImporter\DataImporter.Web\Views\Dashboard\Contacts.cshtml:line 48
   at Microsoft.AspNetCore.Mvc.Razor.RazorView.RenderPageCoreAsync(IRazorPage page, ViewContext context)
   at Microsoft.AspNetCore.Mvc.Razor.RazorView.RenderPageAsync(IRazorPage page, ViewContext context, Boolean invokeViewStarts)
   at Microsoft.AspNetCore.Mvc.Razor.RazorView.RenderAsync(ViewContext context)
   at Microsoft.AspNetCore.Mvc.ViewFeatures.ViewExecutor.ExecuteAsync(ViewContext viewContext, String contentType, Nullable`1 statusCode)
   at Microsoft.AspNetCore.Mvc.ViewFeatures.ViewExecutor.ExecuteAsync(ViewContext viewContext, String contentType, Nullable`1 statusCode)
   at Microsoft.AspNetCore.Mvc.ViewFeatures.ViewExecutor.ExecuteAsync(ActionContext actionContext, IView view, ViewDataDictionary viewData, ITempDataDictionary tempData, String contentType, Nullable`1 statusCode)
   at Microsoft.AspNetCore.Mvc.ViewFeatures.ViewResultExecutor.ExecuteAsync(ActionContext context, ViewResult result)
   at Microsoft.AspNetCore.Mvc.ViewResult.ExecuteResultAsync(ActionContext context)
   at Microsoft.AspNetCore.Mvc.Infrastructure.ResourceInvoker.<InvokeNextResultFilterAsync>g__Awaited|29_0[TFilter,TFilterAsync](ResourceInvoker invoker, Task lastTask, State next, Scope scope, Object state, Boolean isCompleted)
   at Microsoft.AspNetCore.Mvc.Infrastructure.ResourceInvoker.Rethrow(ResultExecutedContextSealed context)
   at Microsoft.AspNetCore.Mvc.Infrastructure.ResourceInvoker.ResultNext[TFilter,TFilterAsync](State& next, Scope& scope, Object& state, Boolean& isCompleted)
   at Microsoft.AspNetCore.Mvc.Infrastructure.ResourceInvoker.InvokeResultFilters()
--- End of stack trace from previous location ---
   at Microsoft.AspNetCore.Mvc.Infrastructure.ResourceInvoker.<InvokeNextResourceFilter>g__Awaited|24_0(ResourceInvoker invoker, Task lastTask, State next, Scope scope, Object state, Boolean isCompleted)
   at Microsoft.AspNetCore.Mvc.Infrastructure.ResourceInvoker.Rethrow(ResourceExecutedContextSealed context)
   at Microsoft.AspNetCore.Mvc.Infrastructure.ResourceInvoker.Next(State& next, Scope& scope, Object& state, Boolean& isCompleted)
   at Microsoft.AspNetCore.Mvc.Infrastructure.ResourceInvoker.InvokeFilterPipelineAsync()
--- End of stack trace from previous location ---
   at Microsoft.AspNetCore.Mvc.Infrastructure.ResourceInvoker.<InvokeAsync>g__Awaited|17_0(ResourceInvoker invoker, Task task, IDisposable scope)
   at Microsoft.AspNetCore.Routing.EndpointMiddleware.<Invoke>g__AwaitRequestTask|6_0(Endpoint endpoint, Task requestTask, ILogger logger)
   at Microsoft.AspNetCore.Authorization.Policy.AuthorizationMiddlewareResultHandler.HandleAsync(RequestDelegate next, HttpContext context, AuthorizationPolicy policy, PolicyAuthorizationResult authorizeResult)
   at Microsoft.AspNetCore.Authorization.AuthorizationMiddleware.Invoke(HttpContext context)
   at Microsoft.AspNetCore.Authentication.AuthenticationMiddleware.Invoke(HttpContext context)
   at Microsoft.AspNetCore.Diagnostics.EntityFrameworkCore.MigrationsEndPointMiddleware.Invoke(HttpContext context)
   at Microsoft.AspNetCore.Diagnostics.DeveloperExceptionPageMiddleware.Invoke(HttpContext context)
2021-10-06 00:55:54.275 +06:00 [INF] Application Starting up
2021-10-06 00:57:52.166 +06:00 [INF] Application Starting up
2021-10-06 00:58:17.190 +06:00 [ERR] An unhandled exception has occurred while executing the request.
System.InvalidOperationException: There is no ViewData item of type 'IEnumerable<SelectListItem>' that has the key 'GroupName'.
   at Microsoft.AspNetCore.Mvc.ViewFeatures.DefaultHtmlGenerator.GetSelectListItems(ViewContext viewContext, String expression)
   at Microsoft.AspNetCore.Mvc.ViewFeatures.DefaultHtmlGenerator.GenerateSelect(ViewContext viewContext, ModelExplorer modelExplorer, String optionLabel, String expression, IEnumerable`1 selectList, ICollection`1 currentValues, Boolean allowMultiple, Object htmlAttributes)
   at Microsoft.AspNetCore.Mvc.ViewFeatures.DefaultHtmlGenerator.GenerateSelect(ViewContext viewContext, ModelExplorer modelExplorer, String optionLabel, String expression, IEnumerable`1 selectList, Boolean allowMultiple, Object htmlAttributes)
   at Microsoft.AspNetCore.Mvc.ViewFeatures.HtmlHelper.GenerateDropDown(ModelExplorer modelExplorer, String expression, IEnumerable`1 selectList, String optionLabel, Object htmlAttributes)
   at Microsoft.AspNetCore.Mvc.ViewFeatures.HtmlHelper`1.DropDownListFor[TResult](Expression`1 expression, IEnumerable`1 selectList, String optionLabel, Object htmlAttributes)
   at AspNetCore.Views_Dashboard_Contacts.<ExecuteAsync>b__18_2() in G:\aspnetb5\DataImporter\DataImporter.Web\Views\Dashboard\Contacts.cshtml:line 51
   at Microsoft.AspNetCore.Razor.Runtime.TagHelpers.TagHelperExecutionContext.GetChildContentAsync(Boolean useCachedResult, HtmlEncoder encoder)
   at Microsoft.AspNetCore.Mvc.TagHelpers.RenderAtEndOfFormTagHelper.ProcessAsync(TagHelperContext context, TagHelperOutput output)
   at Microsoft.AspNetCore.Razor.Runtime.TagHelpers.TagHelperRunner.<RunAsync>g__Awaited|0_0(Task task, TagHelperExecutionContext executionContext, Int32 i, Int32 count)
   at AspNetCore.Views_Dashboard_Contacts.ExecuteAsync() in G:\aspnetb5\DataImporter\DataImporter.Web\Views\Dashboard\Contacts.cshtml:line 48
   at Microsoft.AspNetCore.Mvc.Razor.RazorView.RenderPageCoreAsync(IRazorPage page, ViewContext context)
   at Microsoft.AspNetCore.Mvc.Razor.RazorView.RenderPageAsync(IRazorPage page, ViewContext context, Boolean invokeViewStarts)
   at Microsoft.AspNetCore.Mvc.Razor.RazorView.RenderAsync(ViewContext context)
   at Microsoft.AspNetCore.Mvc.ViewFeatures.ViewExecutor.ExecuteAsync(ViewContext viewContext, String contentType, Nullable`1 statusCode)
   at Microsoft.AspNetCore.Mvc.ViewFeatures.ViewExecutor.ExecuteAsync(ViewContext viewContext, String contentType, Nullable`1 statusCode)
   at Microsoft.AspNetCore.Mvc.ViewFeatures.ViewExecutor.ExecuteAsync(ActionContext actionContext, IView view, ViewDataDictionary viewData, ITempDataDictionary tempData, String contentType, Nullable`1 statusCode)
   at Microsoft.AspNetCore.Mvc.ViewFeatures.ViewResultExecutor.ExecuteAsync(ActionContext context, ViewResult result)
   at Microsoft.AspNetCore.Mvc.ViewResult.ExecuteResultAsync(ActionContext context)
   at Microsoft.AspNetCore.Mvc.Infrastructure.ResourceInvoker.<InvokeNextResultFilterAsync>g__Awaited|29_0[TFilter,TFilterAsync](ResourceInvoker invoker, Task lastTask, State next, Scope scope, Object state, Boolean isCompleted)
   at Microsoft.AspNetCore.Mvc.Infrastructure.ResourceInvoker.Rethrow(ResultExecutedContextSealed context)
   at Microsoft.AspNetCore.Mvc.Infrastructure.ResourceInvoker.ResultNext[TFilter,TFilterAsync](State& next, Scope& scope, Object& state, Boolean& isCompleted)
   at Microsoft.AspNetCore.Mvc.Infrastructure.ResourceInvoker.InvokeResultFilters()
--- End of stack trace from previous location ---
   at Microsoft.AspNetCore.Mvc.Infrastructure.ResourceInvoker.<InvokeNextResourceFilter>g__Awaited|24_0(ResourceInvoker invoker, Task lastTask, State next, Scope scope, Object state, Boolean isCompleted)
   at Microsoft.AspNetCore.Mvc.Infrastructure.ResourceInvoker.Rethrow(ResourceExecutedContextSealed context)
   at Microsoft.AspNetCore.Mvc.Infrastructure.ResourceInvoker.Next(State& next, Scope& scope, Object& state, Boolean& isCompleted)
   at Microsoft.AspNetCore.Mvc.Infrastructure.ResourceInvoker.InvokeFilterPipelineAsync()
--- End of stack trace from previous location ---
   at Microsoft.AspNetCore.Mvc.Infrastructure.ResourceInvoker.<InvokeAsync>g__Awaited|17_0(ResourceInvoker invoker, Task task, IDisposable scope)
   at Microsoft.AspNetCore.Routing.EndpointMiddleware.<Invoke>g__AwaitRequestTask|6_0(Endpoint endpoint, Task requestTask, ILogger logger)
   at Microsoft.AspNetCore.Authorization.Policy.AuthorizationMiddlewareResultHandler.HandleAsync(RequestDelegate next, HttpContext context, AuthorizationPolicy policy, PolicyAuthorizationResult authorizeResult)
   at Microsoft.AspNetCore.Authorization.AuthorizationMiddleware.Invoke(HttpContext context)
   at Microsoft.AspNetCore.Authentication.AuthenticationMiddleware.Invoke(HttpContext context)
   at Microsoft.AspNetCore.Diagnostics.EntityFrameworkCore.MigrationsEndPointMiddleware.Invoke(HttpContext context)
   at Microsoft.AspNetCore.Diagnostics.DeveloperExceptionPageMiddleware.Invoke(HttpContext context)
2021-10-06 00:58:27.344 +06:00 [ERR] An unhandled exception has occurred while executing the request.
System.InvalidOperationException: The ViewData item that has the key 'GroupName' is of type 'System.String' but must be of type 'IEnumerable<SelectListItem>'.
   at Microsoft.AspNetCore.Mvc.ViewFeatures.DefaultHtmlGenerator.GetSelectListItems(ViewContext viewContext, String expression)
   at Microsoft.AspNetCore.Mvc.ViewFeatures.DefaultHtmlGenerator.GenerateSelect(ViewContext viewContext, ModelExplorer modelExplorer, String optionLabel, String expression, IEnumerable`1 selectList, ICollection`1 currentValues, Boolean allowMultiple, Object htmlAttributes)
   at Microsoft.AspNetCore.Mvc.ViewFeatures.DefaultHtmlGenerator.GenerateSelect(ViewContext viewContext, ModelExplorer modelExplorer, String optionLabel, String expression, IEnumerable`1 selectList, Boolean allowMultiple, Object htmlAttributes)
   at Microsoft.AspNetCore.Mvc.ViewFeatures.HtmlHelper.GenerateDropDown(ModelExplorer modelExplorer, String expression, IEnumerable`1 selectList, String optionLabel, Object htmlAttributes)
   at Microsoft.AspNetCore.Mvc.ViewFeatures.HtmlHelper`1.DropDownListFor[TResult](Expression`1 expression, IEnumerable`1 selectList, String optionLabel, Object htmlAttributes)
   at AspNetCore.Views_Dashboard_Contacts.<ExecuteAsync>b__18_2() in G:\aspnetb5\DataImporter\DataImporter.Web\Views\Dashboard\Contacts.cshtml:line 51
   at Microsoft.AspNetCore.Razor.Runtime.TagHelpers.TagHelperExecutionContext.GetChildContentAsync(Boolean useCachedResult, HtmlEncoder encoder)
   at Microsoft.AspNetCore.Mvc.TagHelpers.RenderAtEndOfFormTagHelper.ProcessAsync(TagHelperContext context, TagHelperOutput output)
   at Microsoft.AspNetCore.Razor.Runtime.TagHelpers.TagHelperRunner.<RunAsync>g__Awaited|0_0(Task task, TagHelperExecutionContext executionContext, Int32 i, Int32 count)
   at AspNetCore.Views_Dashboard_Contacts.ExecuteAsync() in G:\aspnetb5\DataImporter\DataImporter.Web\Views\Dashboard\Contacts.cshtml:line 48
   at Microsoft.AspNetCore.Mvc.Razor.RazorView.RenderPageCoreAsync(IRazorPage page, ViewContext context)
   at Microsoft.AspNetCore.Mvc.Razor.RazorView.RenderPageAsync(IRazorPage page, ViewContext context, Boolean invokeViewStarts)
   at Microsoft.AspNetCore.Mvc.Razor.RazorView.RenderAsync(ViewContext context)
   at Microsoft.AspNetCore.Mvc.ViewFeatures.ViewExecutor.ExecuteAsync(ViewContext viewContext, String contentType, Nullable`1 statusCode)
   at Microsoft.AspNetCore.Mvc.ViewFeatures.ViewExecutor.ExecuteAsync(ViewContext viewContext, String contentType, Nullable`1 statusCode)
   at Microsoft.AspNetCore.Mvc.ViewFeatures.ViewExecutor.ExecuteAsync(ActionContext actionContext, IView view, ViewDataDictionary viewData, ITempDataDictionary tempData, String contentType, Nullable`1 statusCode)
   at Microsoft.AspNetCore.Mvc.ViewFeatures.ViewResultExecutor.ExecuteAsync(ActionContext context, ViewResult result)
   at Microsoft.AspNetCore.Mvc.ViewResult.ExecuteResultAsync(ActionContext context)
   at Microsoft.AspNetCore.Mvc.Infrastructure.ResourceInvoker.<InvokeNextResultFilterAsync>g__Awaited|29_0[TFilter,TFilterAsync](ResourceInvoker invoker, Task lastTask, State next, Scope scope, Object state, Boolean isCompleted)
   at Microsoft.AspNetCore.Mvc.Infrastructure.ResourceInvoker.Rethrow(ResultExecutedContextSealed context)
   at Microsoft.AspNetCore.Mvc.Infrastructure.ResourceInvoker.ResultNext[TFilter,TFilterAsync](State& next, Scope& scope, Object& state, Boolean& isCompleted)
   at Microsoft.AspNetCore.Mvc.Infrastructure.ResourceInvoker.InvokeResultFilters()
--- End of stack trace from previous location ---
   at Microsoft.AspNetCore.Mvc.Infrastructure.ResourceInvoker.<InvokeNextResourceFilter>g__Awaited|24_0(ResourceInvoker invoker, Task lastTask, State next, Scope scope, Object state, Boolean isCompleted)
   at Microsoft.AspNetCore.Mvc.Infrastructure.ResourceInvoker.Rethrow(ResourceExecutedContextSealed context)
   at Microsoft.AspNetCore.Mvc.Infrastructure.ResourceInvoker.Next(State& next, Scope& scope, Object& state, Boolean& isCompleted)
   at Microsoft.AspNetCore.Mvc.Infrastructure.ResourceInvoker.InvokeFilterPipelineAsync()
--- End of stack trace from previous location ---
   at Microsoft.AspNetCore.Mvc.Infrastructure.ResourceInvoker.<InvokeAsync>g__Awaited|17_0(ResourceInvoker invoker, Task task, IDisposable scope)
   at Microsoft.AspNetCore.Routing.EndpointMiddleware.<Invoke>g__AwaitRequestTask|6_0(Endpoint endpoint, Task requestTask, ILogger logger)
   at Microsoft.AspNetCore.Authorization.Policy.AuthorizationMiddlewareResultHandler.HandleAsync(RequestDelegate next, HttpContext context, AuthorizationPolicy policy, PolicyAuthorizationResult authorizeResult)
   at Microsoft.AspNetCore.Authorization.AuthorizationMiddleware.Invoke(HttpContext context)
   at Microsoft.AspNetCore.Authentication.AuthenticationMiddleware.Invoke(HttpContext context)
   at Microsoft.AspNetCore.Diagnostics.EntityFrameworkCore.MigrationsEndPointMiddleware.Invoke(HttpContext context)
   at Microsoft.AspNetCore.Diagnostics.DeveloperExceptionPageMiddleware.Invoke(HttpContext context)
2021-10-06 00:58:37.055 +06:00 [ERR] An unhandled exception has occurred while executing the request.
System.InvalidOperationException: The ViewData item that has the key 'GroupName' is of type 'System.String' but must be of type 'IEnumerable<SelectListItem>'.
   at Microsoft.AspNetCore.Mvc.ViewFeatures.DefaultHtmlGenerator.GetSelectListItems(ViewContext viewContext, String expression)
   at Microsoft.AspNetCore.Mvc.ViewFeatures.DefaultHtmlGenerator.GenerateSelect(ViewContext viewContext, ModelExplorer modelExplorer, String optionLabel, String expression, IEnumerable`1 selectList, ICollection`1 currentValues, Boolean allowMultiple, Object htmlAttributes)
   at Microsoft.AspNetCore.Mvc.ViewFeatures.DefaultHtmlGenerator.GenerateSelect(ViewContext viewContext, ModelExplorer modelExplorer, String optionLabel, String expression, IEnumerable`1 selectList, Boolean allowMultiple, Object htmlAttributes)
   at Microsoft.AspNetCore.Mvc.ViewFeatures.HtmlHelper.GenerateDropDown(ModelExplorer modelExplorer, String expression, IEnumerable`1 selectList, String optionLabel, Object htmlAttributes)
   at Microsoft.AspNetCore.Mvc.ViewFeatures.HtmlHelper`1.DropDownListFor[TResult](Expression`1 expression, IEnumerable`1 selectList, String optionLabel, Object htmlAttributes)
   at AspNetCore.Views_Dashboard_Contacts.<ExecuteAsync>b__18_2() in G:\aspnetb5\DataImporter\DataImporter.Web\Views\Dashboard\Contacts.cshtml:line 51
   at Microsoft.AspNetCore.Razor.Runtime.TagHelpers.TagHelperExecutionContext.GetChildContentAsync(Boolean useCachedResult, HtmlEncoder encoder)
   at Microsoft.AspNetCore.Mvc.TagHelpers.RenderAtEndOfFormTagHelper.ProcessAsync(TagHelperContext context, TagHelperOutput output)
   at Microsoft.AspNetCore.Razor.Runtime.TagHelpers.TagHelperRunner.<RunAsync>g__Awaited|0_0(Task task, TagHelperExecutionContext executionContext, Int32 i, Int32 count)
   at AspNetCore.Views_Dashboard_Contacts.ExecuteAsync() in G:\aspnetb5\DataImporter\DataImporter.Web\Views\Dashboard\Contacts.cshtml:line 48
   at Microsoft.AspNetCore.Mvc.Razor.RazorView.RenderPageCoreAsync(IRazorPage page, ViewContext context)
   at Microsoft.AspNetCore.Mvc.Razor.RazorView.RenderPageAsync(IRazorPage page, ViewContext context, Boolean invokeViewStarts)
   at Microsoft.AspNetCore.Mvc.Razor.RazorView.RenderAsync(ViewContext context)
   at Microsoft.AspNetCore.Mvc.ViewFeatures.ViewExecutor.ExecuteAsync(ViewContext viewContext, String contentType, Nullable`1 statusCode)
   at Microsoft.AspNetCore.Mvc.ViewFeatures.ViewExecutor.ExecuteAsync(ViewContext viewContext, String contentType, Nullable`1 statusCode)
   at Microsoft.AspNetCore.Mvc.ViewFeatures.ViewExecutor.ExecuteAsync(ActionContext actionContext, IView view, ViewDataDictionary viewData, ITempDataDictionary tempData, String contentType, Nullable`1 statusCode)
   at Microsoft.AspNetCore.Mvc.ViewFeatures.ViewResultExecutor.ExecuteAsync(ActionContext context, ViewResult result)
   at Microsoft.AspNetCore.Mvc.ViewResult.ExecuteResultAsync(ActionContext context)
   at Microsoft.AspNetCore.Mvc.Infrastructure.ResourceInvoker.<InvokeNextResultFilterAsync>g__Awaited|29_0[TFilter,TFilterAsync](ResourceInvoker invoker, Task lastTask, State next, Scope scope, Object state, Boolean isCompleted)
   at Microsoft.AspNetCore.Mvc.Infrastructure.ResourceInvoker.Rethrow(ResultExecutedContextSealed context)
   at Microsoft.AspNetCore.Mvc.Infrastructure.ResourceInvoker.ResultNext[TFilter,TFilterAsync](State& next, Scope& scope, Object& state, Boolean& isCompleted)
   at Microsoft.AspNetCore.Mvc.Infrastructure.ResourceInvoker.InvokeResultFilters()
--- End of stack trace from previous location ---
   at Microsoft.AspNetCore.Mvc.Infrastructure.ResourceInvoker.<InvokeNextResourceFilter>g__Awaited|24_0(ResourceInvoker invoker, Task lastTask, State next, Scope scope, Object state, Boolean isCompleted)
   at Microsoft.AspNetCore.Mvc.Infrastructure.ResourceInvoker.Rethrow(ResourceExecutedContextSealed context)
   at Microsoft.AspNetCore.Mvc.Infrastructure.ResourceInvoker.Next(State& next, Scope& scope, Object& state, Boolean& isCompleted)
   at Microsoft.AspNetCore.Mvc.Infrastructure.ResourceInvoker.InvokeFilterPipelineAsync()
--- End of stack trace from previous location ---
   at Microsoft.AspNetCore.Mvc.Infrastructure.ResourceInvoker.<InvokeAsync>g__Awaited|17_0(ResourceInvoker invoker, Task task, IDisposable scope)
   at Microsoft.AspNetCore.Routing.EndpointMiddleware.<Invoke>g__AwaitRequestTask|6_0(Endpoint endpoint, Task requestTask, ILogger logger)
   at Microsoft.AspNetCore.Authorization.Policy.AuthorizationMiddlewareResultHandler.HandleAsync(RequestDelegate next, HttpContext context, AuthorizationPolicy policy, PolicyAuthorizationResult authorizeResult)
   at Microsoft.AspNetCore.Authorization.AuthorizationMiddleware.Invoke(HttpContext context)
   at Microsoft.AspNetCore.Authentication.AuthenticationMiddleware.Invoke(HttpContext context)
   at Microsoft.AspNetCore.Diagnostics.EntityFrameworkCore.MigrationsEndPointMiddleware.Invoke(HttpContext context)
   at Microsoft.AspNetCore.Diagnostics.DeveloperExceptionPageMiddleware.Invoke(HttpContext context)
2021-10-06 00:58:47.187 +06:00 [ERR] An unhandled exception has occurred while executing the request.
System.InvalidOperationException: The ViewData item that has the key 'GroupName' is of type 'System.String' but must be of type 'IEnumerable<SelectListItem>'.
   at Microsoft.AspNetCore.Mvc.ViewFeatures.DefaultHtmlGenerator.GetSelectListItems(ViewContext viewContext, String expression)
   at Microsoft.AspNetCore.Mvc.ViewFeatures.DefaultHtmlGenerator.GenerateSelect(ViewContext viewContext, ModelExplorer modelExplorer, String optionLabel, String expression, IEnumerable`1 selectList, ICollection`1 currentValues, Boolean allowMultiple, Object htmlAttributes)
   at Microsoft.AspNetCore.Mvc.ViewFeatures.DefaultHtmlGenerator.GenerateSelect(ViewContext viewContext, ModelExplorer modelExplorer, String optionLabel, String expression, IEnumerable`1 selectList, Boolean allowMultiple, Object htmlAttributes)
   at Microsoft.AspNetCore.Mvc.ViewFeatures.HtmlHelper.GenerateDropDown(ModelExplorer modelExplorer, String expression, IEnumerable`1 selectList, String optionLabel, Object htmlAttributes)
   at Microsoft.AspNetCore.Mvc.ViewFeatures.HtmlHelper`1.DropDownListFor[TResult](Expression`1 expression, IEnumerable`1 selectList, String optionLabel, Object htmlAttributes)
   at AspNetCore.Views_Dashboard_Contacts.<ExecuteAsync>b__18_2() in G:\aspnetb5\DataImporter\DataImporter.Web\Views\Dashboard\Contacts.cshtml:line 51
   at Microsoft.AspNetCore.Razor.Runtime.TagHelpers.TagHelperExecutionContext.GetChildContentAsync(Boolean useCachedResult, HtmlEncoder encoder)
   at Microsoft.AspNetCore.Mvc.TagHelpers.RenderAtEndOfFormTagHelper.ProcessAsync(TagHelperContext context, TagHelperOutput output)
   at Microsoft.AspNetCore.Razor.Runtime.TagHelpers.TagHelperRunner.<RunAsync>g__Awaited|0_0(Task task, TagHelperExecutionContext executionContext, Int32 i, Int32 count)
   at AspNetCore.Views_Dashboard_Contacts.ExecuteAsync() in G:\aspnetb5\DataImporter\DataImporter.Web\Views\Dashboard\Contacts.cshtml:line 48
   at Microsoft.AspNetCore.Mvc.Razor.RazorView.RenderPageCoreAsync(IRazorPage page, ViewContext context)
   at Microsoft.AspNetCore.Mvc.Razor.RazorView.RenderPageAsync(IRazorPage page, ViewContext context, Boolean invokeViewStarts)
   at Microsoft.AspNetCore.Mvc.Razor.RazorView.RenderAsync(ViewContext context)
   at Microsoft.AspNetCore.Mvc.ViewFeatures.ViewExecutor.ExecuteAsync(ViewContext viewContext, String contentType, Nullable`1 statusCode)
   at Microsoft.AspNetCore.Mvc.ViewFeatures.ViewExecutor.ExecuteAsync(ViewContext viewContext, String contentType, Nullable`1 statusCode)
   at Microsoft.AspNetCore.Mvc.ViewFeatures.ViewExecutor.ExecuteAsync(ActionContext actionContext, IView view, ViewDataDictionary viewData, ITempDataDictionary tempData, String contentType, Nullable`1 statusCode)
   at Microsoft.AspNetCore.Mvc.ViewFeatures.ViewResultExecutor.ExecuteAsync(ActionContext context, ViewResult result)
   at Microsoft.AspNetCore.Mvc.ViewResult.ExecuteResultAsync(ActionContext context)
   at Microsoft.AspNetCore.Mvc.Infrastructure.ResourceInvoker.<InvokeNextResultFilterAsync>g__Awaited|29_0[TFilter,TFilterAsync](ResourceInvoker invoker, Task lastTask, State next, Scope scope, Object state, Boolean isCompleted)
   at Microsoft.AspNetCore.Mvc.Infrastructure.ResourceInvoker.Rethrow(ResultExecutedContextSealed context)
   at Microsoft.AspNetCore.Mvc.Infrastructure.ResourceInvoker.ResultNext[TFilter,TFilterAsync](State& next, Scope& scope, Object& state, Boolean& isCompleted)
   at Microsoft.AspNetCore.Mvc.Infrastructure.ResourceInvoker.InvokeResultFilters()
--- End of stack trace from previous location ---
   at Microsoft.AspNetCore.Mvc.Infrastructure.ResourceInvoker.<InvokeNextResourceFilter>g__Awaited|24_0(ResourceInvoker invoker, Task lastTask, State next, Scope scope, Object state, Boolean isCompleted)
   at Microsoft.AspNetCore.Mvc.Infrastructure.ResourceInvoker.Rethrow(ResourceExecutedContextSealed context)
   at Microsoft.AspNetCore.Mvc.Infrastructure.ResourceInvoker.Next(State& next, Scope& scope, Object& state, Boolean& isCompleted)
   at Microsoft.AspNetCore.Mvc.Infrastructure.ResourceInvoker.InvokeFilterPipelineAsync()
--- End of stack trace from previous location ---
   at Microsoft.AspNetCore.Mvc.Infrastructure.ResourceInvoker.<InvokeAsync>g__Awaited|17_0(ResourceInvoker invoker, Task task, IDisposable scope)
   at Microsoft.AspNetCore.Routing.EndpointMiddleware.<Invoke>g__AwaitRequestTask|6_0(Endpoint endpoint, Task requestTask, ILogger logger)
   at Microsoft.AspNetCore.Authorization.Policy.AuthorizationMiddlewareResultHandler.HandleAsync(RequestDelegate next, HttpContext context, AuthorizationPolicy policy, PolicyAuthorizationResult authorizeResult)
   at Microsoft.AspNetCore.Authorization.AuthorizationMiddleware.Invoke(HttpContext context)
   at Microsoft.AspNetCore.Authentication.AuthenticationMiddleware.Invoke(HttpContext context)
   at Microsoft.AspNetCore.Diagnostics.EntityFrameworkCore.MigrationsEndPointMiddleware.Invoke(HttpContext context)
   at Microsoft.AspNetCore.Diagnostics.DeveloperExceptionPageMiddleware.Invoke(HttpContext context)
2021-10-06 00:59:30.419 +06:00 [INF] Application Starting up
2021-10-06 10:15:19.922 +06:00 [INF] Application Starting up
2021-10-06 10:15:49.876 +06:00 [INF] User logged in.
2021-10-06 10:17:38.004 +06:00 [INF] Application Starting up
2021-10-06 10:18:10.634 +06:00 [INF] User logged in.
2021-10-06 10:36:37.641 +06:00 [INF] Application Starting up
2021-10-06 10:37:05.749 +06:00 [INF] User logged in.
2021-10-06 11:07:53.761 +06:00 [INF] Application Starting up
2021-10-06 11:08:13.568 +06:00 [INF] User logged in.
2021-10-06 11:11:09.220 +06:00 [INF] User logged out.
2021-10-06 11:12:44.207 +06:00 [INF] Application Starting up
2021-10-06 11:13:15.469 +06:00 [INF] User logged in.
2021-10-06 11:19:18.128 +06:00 [INF] Application Starting up
2021-10-06 11:28:43.770 +06:00 [INF] Application Starting up
2021-10-06 11:41:04.163 +06:00 [INF] Application Starting up
2021-10-06 11:42:15.517 +06:00 [INF] Application Starting up
2021-10-06 11:58:35.447 +06:00 [INF] Application Starting up
2021-10-06 12:00:02.956 +06:00 [INF] Application Starting up
2021-10-06 12:02:13.862 +06:00 [INF] Application Starting up
2021-10-06 20:03:27.564 +06:00 [INF] Application Starting up
2021-10-06 20:03:57.419 +06:00 [INF] User logged in.
2021-10-06 20:26:14.462 +06:00 [INF] User logged in.
2021-10-06 21:03:55.855 +06:00 [INF] Application Starting up
2021-10-06 21:04:18.135 +06:00 [INF] User logged in.
2021-10-06 21:08:21.824 +06:00 [INF] Application Starting up
2021-10-06 22:06:06.865 +06:00 [INF] Application Starting up
2021-10-06 22:06:29.335 +06:00 [INF] User logged in.
2021-10-06 22:44:01.914 +06:00 [INF] Application Starting up
