2021-09-02 11:54:08.528 +06:00 [INF] Application Starting up
2021-09-02 11:55:23.462 +06:00 [INF] Application Starting up
2021-09-02 11:55:37.481 +06:00 [INF] Worker running at: "2021-09-02T11:55:37.4736604+06:00"
2021-09-02 12:22:48.229 +06:00 [INF] Application Starting up
2021-09-02 12:22:59.444 +06:00 [INF] Worker running at: "2021-09-02T12:22:59.4382885+06:00"
2021-09-02 12:37:11.926 +06:00 [INF] Application Starting up
2021-09-02 12:37:23.053 +06:00 [INF] Worker running at: "2021-09-02T12:37:23.0486322+06:00"
2021-09-02 12:44:30.495 +06:00 [INF] Application Starting up
2021-09-02 12:44:44.011 +06:00 [INF] Worker running at: "2021-09-02T12:44:43.9979857+06:00"
2021-09-02 15:28:04.043 +06:00 [INF] Application Starting up
2021-09-02 15:28:09.781 +06:00 [INF] Worker running at: "2021-09-02T15:28:09.7656297+06:00"
2021-09-02 15:45:09.656 +06:00 [INF] Application Starting up
2021-09-02 15:45:14.224 +06:00 [INF] Worker running at: "2021-09-02T15:45:14.2075206+06:00"
2021-09-02 16:01:09.196 +06:00 [INF] Application Starting up
2021-09-02 16:01:20.954 +06:00 [INF] Worker running at: "2021-09-02T16:01:20.9403655+06:00"
2021-09-02 16:02:59.897 +06:00 [INF] Application Starting up
2021-09-02 16:03:05.433 +06:00 [INF] Worker running at: "2021-09-02T16:03:05.4232589+06:00"
2021-09-02 22:04:24.224 +06:00 [INF] Application Starting up
2021-09-02 22:04:31.462 +06:00 [INF] Worker running at: "2021-09-02T22:04:31.4513669+06:00"
2021-09-02 22:05:31.910 +06:00 [INF] Worker running at: "2021-09-02T22:05:31.9099883+06:00"
2021-09-02 22:08:04.535 +06:00 [INF] Application Starting up
2021-09-02 22:08:13.070 +06:00 [INF] Worker running at: "2021-09-02T22:08:13.0573400+06:00"
2021-09-02 22:09:31.058 +06:00 [INF] Application Starting up
2021-09-02 22:09:34.434 +06:00 [INF] Worker running at: "2021-09-02T22:09:34.4258880+06:00"
2021-09-02 22:13:02.453 +06:00 [INF] Application Starting up
2021-09-02 22:13:06.594 +06:00 [INF] Worker running at: "2021-09-02T22:13:06.5789345+06:00"
2021-09-02 22:14:59.289 +06:00 [INF] Application Starting up
2021-09-02 22:15:03.334 +06:00 [INF] Worker running at: "2021-09-02T22:15:03.3263933+06:00"
2021-09-02 22:15:56.200 +06:00 [INF] Application Starting up
2021-09-02 22:15:59.733 +06:00 [FTL] Application start-up failed
System.InvalidCastException: Unable to cast object of type 'Microsoft.EntityFrameworkCore.Query.Internal.EntityQueryable`1[StockData.Stock.Entities.Company]' to type 'StockData.Stock.Entities.Company'.
   at StockData.Stock.Repositories.CompanyRepository.GetCompanyName(Expression`1 filter) in G:\aspnetb5\StockData\StockData.Stock\Repositories\CompanyRepository.cs:line 30
   at StockData.Stock.Services.StockPriceService.GetId(String name) in G:\aspnetb5\StockData\StockData.Stock\Services\StockPriceService.cs:line 43
   at StockData.Stock.Services.StockPriceService.Create(StockPrice stockPrice) in G:\aspnetb5\StockData\StockData.Stock\Services\StockPriceService.cs:line 23
   at StockData.Worker.DataStores.StockDataStore.GetStockData() in G:\aspnetb5\StockData\StockData.Worker\DataStores\StockDataStore.cs:line 58
   at StockData.Worker.Worker.ExecuteAsync(CancellationToken stoppingToken) in G:\aspnetb5\StockData\StockData.Worker\Worker.cs:line 34
   at Microsoft.Extensions.Hosting.Internal.Host.StartAsync(CancellationToken cancellationToken)
   at Microsoft.Extensions.Hosting.HostingAbstractionsHostExtensions.RunAsync(IHost host, CancellationToken token)
   at Microsoft.Extensions.Hosting.HostingAbstractionsHostExtensions.RunAsync(IHost host, CancellationToken token)
   at Microsoft.Extensions.Hosting.HostingAbstractionsHostExtensions.Run(IHost host)
   at StockData.Worker.Program.Main(String[] args) in G:\aspnetb5\StockData\StockData.Worker\Program.cs:line 41
2021-09-02 22:17:24.994 +06:00 [INF] Application Starting up
2021-09-02 22:17:34.226 +06:00 [INF] Worker running at: "2021-09-02T22:17:34.2185130+06:00"
2021-09-02 22:20:16.837 +06:00 [INF] Application Starting up
2021-09-02 22:20:26.101 +06:00 [INF] Worker running at: "2021-09-02T22:20:26.0934926+06:00"
2021-09-02 22:20:33.461 +06:00 [INF] Worker running at: "2021-09-02T22:20:33.4616476+06:00"
2021-09-02 22:23:48.997 +06:00 [INF] Application Starting up
2021-09-02 22:23:52.285 +06:00 [INF] Worker running at: "2021-09-02T22:23:52.2740585+06:00"
2021-09-02 22:24:47.536 +06:00 [INF] Application Starting up
2021-09-02 22:24:51.472 +06:00 [INF] Worker running at: "2021-09-02T22:24:51.4637618+06:00"
2021-09-02 22:25:29.682 +06:00 [INF] Application Starting up
2021-09-02 22:25:33.590 +06:00 [INF] Worker running at: "2021-09-02T22:25:33.5815060+06:00"
2021-09-02 22:41:07.439 +06:00 [INF] Application Starting up
2021-09-02 22:41:14.196 +06:00 [INF] Worker running at: "2021-09-02T22:41:14.1873558+06:00"
2021-09-02 22:42:14.687 +06:00 [INF] Worker running at: "2021-09-02T22:42:14.6872576+06:00"
2021-09-02 22:43:16.025 +06:00 [INF] Worker running at: "2021-09-02T22:43:16.0251165+06:00"
2021-09-02 22:44:16.611 +06:00 [INF] Worker running at: "2021-09-02T22:44:16.6112851+06:00"
2021-09-02 22:45:17.008 +06:00 [INF] Worker running at: "2021-09-02T22:45:17.0083482+06:00"
2021-09-02 22:46:17.345 +06:00 [INF] Worker running at: "2021-09-02T22:46:17.3451881+06:00"
2021-09-02 22:47:17.685 +06:00 [INF] Worker running at: "2021-09-02T22:47:17.6856833+06:00"
2021-09-02 22:48:18.082 +06:00 [INF] Worker running at: "2021-09-02T22:48:18.0819316+06:00"
2021-09-02 22:49:33.414 +06:00 [INF] Application Starting up
2021-09-02 22:49:42.650 +06:00 [INF] Worker running at: "2021-09-02T22:49:42.6406129+06:00"
2021-09-02 22:50:48.338 +06:00 [INF] Worker running at: "2021-09-02T22:50:48.3379748+06:00"
2021-09-02 23:11:08.654 +06:00 [INF] Application Starting up
2021-09-02 23:11:14.734 +06:00 [INF] Worker running at: "2021-09-02T23:11:14.7251718+06:00"
2021-09-02 23:55:58.798 +06:00 [INF] Application Starting up
2021-09-02 23:56:09.556 +06:00 [INF] Worker running at: "2021-09-02T23:56:09.5474542+06:00"
